{"/mnt/4618CB0B18CAF8C7/FYP/src/services/api.js": {"path":"/mnt/4618CB0B18CAF8C7/FYP/src/services/api.js","statementMap":{"0":{"start":{"line":1,"column":21},"end":{"line":1,"column":64}},"1":{"start":{"line":3,"column":27},"end":{"line":16,"column":1}},"2":{"start":{"line":4,"column":2},"end":{"line":15,"column":3}},"3":{"start":{"line":5,"column":21},"end":{"line":9,"column":6}},"4":{"start":{"line":10,"column":4},"end":{"line":10,"column":71}},"5":{"start":{"line":10,"column":22},"end":{"line":10,"column":71}},"6":{"start":{"line":11,"column":4},"end":{"line":11,"column":33}},"7":{"start":{"line":13,"column":4},"end":{"line":13,"column":46}},"8":{"start":{"line":14,"column":4},"end":{"line":14,"column":16}},"9":{"start":{"line":18,"column":33},"end":{"line":31,"column":1}},"10":{"start":{"line":19,"column":2},"end":{"line":30,"column":3}},"11":{"start":{"line":20,"column":21},"end":{"line":24,"column":6}},"12":{"start":{"line":25,"column":4},"end":{"line":25,"column":71}},"13":{"start":{"line":25,"column":22},"end":{"line":25,"column":71}},"14":{"start":{"line":26,"column":4},"end":{"line":26,"column":33}},"15":{"start":{"line":28,"column":4},"end":{"line":28,"column":50}},"16":{"start":{"line":29,"column":4},"end":{"line":29,"column":16}}},"fnMap":{"0":{"name":"(anonymous_0)","decl":{"start":{"line":3,"column":27},"end":{"line":3,"column":28}},"loc":{"start":{"line":3,"column":50},"end":{"line":16,"column":1}},"line":3},"1":{"name":"(anonymous_1)","decl":{"start":{"line":18,"column":33},"end":{"line":18,"column":34}},"loc":{"start":{"line":18,"column":55},"end":{"line":31,"column":1}},"line":18}},"branchMap":{"0":{"loc":{"start":{"line":10,"column":4},"end":{"line":10,"column":71}},"type":"if","locations":[{"start":{"line":10,"column":4},"end":{"line":10,"column":71}},{"start":{},"end":{}}],"line":10},"1":{"loc":{"start":{"line":25,"column":4},"end":{"line":25,"column":71}},"type":"if","locations":[{"start":{"line":25,"column":4},"end":{"line":25,"column":71}},{"start":{},"end":{}}],"line":25}},"s":{"0":1,"1":1,"2":5,"3":5,"4":4,"5":2,"6":2,"7":3,"8":3,"9":1,"10":0,"11":0,"12":0,"13":0,"14":0,"15":0,"16":0},"f":{"0":5,"1":0},"b":{"0":[2,2],"1":[0,0]},"_coverageSchema":"1a1c01bbd47fc00a2c39e90264f33305004495a9","hash":"05dd7cad022d62065baee05892412e1360a3713c"}
,"/mnt/4618CB0B18CAF8C7/FYP/src/services/firebase.js": {"path":"/mnt/4618CB0B18CAF8C7/FYP/src/services/firebase.js","statementMap":{"0":{"start":{"line":6,"column":23},"end":{"line":13,"column":1}},"1":{"start":{"line":15,"column":12},"end":{"line":15,"column":41}},"2":{"start":{"line":17,"column":20},"end":{"line":19,"column":2}},"3":{"start":{"line":21,"column":18},"end":{"line":21,"column":35}}},"fnMap":{},"branchMap":{},"s":{"0":0,"1":0,"2":0,"3":0},"f":{},"b":{}}
,"/mnt/4618CB0B18CAF8C7/FYP/src/services/history.js": {"path":"/mnt/4618CB0B18CAF8C7/FYP/src/services/history.js","statementMap":{"0":{"start":{"line":15,"column":27},"end":{"line":38,"column":1}},"1":{"start":{"line":16,"column":15},"end":{"line":16,"column":31}},"2":{"start":{"line":17,"column":2},"end":{"line":17,"column":20}},"3":{"start":{"line":17,"column":13},"end":{"line":17,"column":20}},"4":{"start":{"line":19,"column":21},"end":{"line":19,"column":65}},"5":{"start":{"line":20,"column":2},"end":{"line":37,"column":5}},"6":{"start":{"line":44,"column":26},"end":{"line":56,"column":1}},"7":{"start":{"line":45,"column":15},"end":{"line":45,"column":31}},"8":{"start":{"line":46,"column":2},"end":{"line":46,"column":23}},"9":{"start":{"line":46,"column":13},"end":{"line":46,"column":23}},"10":{"start":{"line":48,"column":21},"end":{"line":48,"column":65}},"11":{"start":{"line":49,"column":12},"end":{"line":49,"column":59}},"12":{"start":{"line":50,"column":19},"end":{"line":50,"column":35}},"13":{"start":{"line":52,"column":2},"end":{"line":55,"column":6}},"14":{"start":{"line":52,"column":37},"end":{"line":55,"column":3}}},"fnMap":{"0":{"name":"(anonymous_0)","decl":{"start":{"line":15,"column":27},"end":{"line":15,"column":28}},"loc":{"start":{"line":15,"column":59},"end":{"line":38,"column":1}},"line":15},"1":{"name":"(anonymous_1)","decl":{"start":{"line":44,"column":26},"end":{"line":44,"column":27}},"loc":{"start":{"line":44,"column":38},"end":{"line":56,"column":1}},"line":44},"2":{"name":"(anonymous_2)","decl":{"start":{"line":52,"column":27},"end":{"line":52,"column":28}},"loc":{"start":{"line":52,"column":37},"end":{"line":55,"column":3}},"line":52}},"branchMap":{"0":{"loc":{"start":{"line":17,"column":2},"end":{"line":17,"column":20}},"type":"if","locations":[{"start":{"line":17,"column":2},"end":{"line":17,"column":20}},{"start":{},"end":{}}],"line":17},"1":{"loc":{"start":{"line":27,"column":9},"end":{"line":27,"column":32}},"type":"binary-expr","locations":[{"start":{"line":27,"column":9},"end":{"line":27,"column":24}},{"start":{"line":27,"column":28},"end":{"line":27,"column":32}}],"line":27},"2":{"loc":{"start":{"line":28,"column":9},"end":{"line":28,"column":32}},"type":"binary-expr","locations":[{"start":{"line":28,"column":9},"end":{"line":28,"column":24}},{"start":{"line":28,"column":28},"end":{"line":28,"column":32}}],"line":28},"3":{"loc":{"start":{"line":46,"column":2},"end":{"line":46,"column":23}},"type":"if","locations":[{"start":{"line":46,"column":2},"end":{"line":46,"column":23}},{"start":{},"end":{}}],"line":46}},"s":{"0":1,"1":1,"2":1,"3":0,"4":1,"5":1,"6":1,"7":1,"8":1,"9":0,"10":1,"11":1,"12":1,"13":1,"14":1},"f":{"0":1,"1":1,"2":1},"b":{"0":[0,1],"1":[1,1],"2":[1,1],"3":[0,1]},"_coverageSchema":"1a1c01bbd47fc00a2c39e90264f33305004495a9","hash":"817f5c314884f7aecd604cd5eb27526272b5296d"}
,"/mnt/4618CB0B18CAF8C7/FYP/src/services/index.js": {"path":"/mnt/4618CB0B18CAF8C7/FYP/src/services/index.js","statementMap":{},"fnMap":{},"branchMap":{},"s":{},"f":{},"b":{}}
,"/mnt/4618CB0B18CAF8C7/FYP/src/services/ocr.js": {"path":"/mnt/4618CB0B18CAF8C7/FYP/src/services/ocr.js","statementMap":{"0":{"start":{"line":5,"column":21},"end":{"line":5,"column":64}},"1":{"start":{"line":7,"column":25},"end":{"line":21,"column":1}},"2":{"start":{"line":8,"column":21},"end":{"line":8,"column":76}},"3":{"start":{"line":9,"column":2},"end":{"line":11,"column":3}},"4":{"start":{"line":10,"column":4},"end":{"line":10,"column":49}},"5":{"start":{"line":13,"column":17},"end":{"line":17,"column":4}},"6":{"start":{"line":19,"column":2},"end":{"line":19,"column":35}},"7":{"start":{"line":19,"column":23},"end":{"line":19,"column":35}},"8":{"start":{"line":20,"column":2},"end":{"line":20,"column":58}},"9":{"start":{"line":23,"column":25},"end":{"line":36,"column":1}},"10":{"start":{"line":24,"column":21},"end":{"line":24,"column":70}},"11":{"start":{"line":25,"column":2},"end":{"line":27,"column":3}},"12":{"start":{"line":26,"column":4},"end":{"line":26,"column":48}},"13":{"start":{"line":29,"column":17},"end":{"line":32,"column":4}},"14":{"start":{"line":34,"column":2},"end":{"line":34,"column":35}},"15":{"start":{"line":34,"column":23},"end":{"line":34,"column":35}},"16":{"start":{"line":35,"column":2},"end":{"line":35,"column":58}},"17":{"start":{"line":38,"column":23},"end":{"line":52,"column":1}},"18":{"start":{"line":39,"column":17},"end":{"line":42,"column":4}},"19":{"start":{"line":44,"column":2},"end":{"line":44,"column":35}},"20":{"start":{"line":44,"column":23},"end":{"line":44,"column":35}},"21":{"start":{"line":46,"column":14},"end":{"line":46,"column":34}},"22":{"start":{"line":48,"column":17},"end":{"line":50,"column":4}},"23":{"start":{"line":51,"column":2},"end":{"line":51,"column":39}},"24":{"start":{"line":54,"column":36},"end":{"line":75,"column":1}},"25":{"start":{"line":57,"column":4},"end":{"line":59,"column":28}},"26":{"start":{"line":61,"column":19},"end":{"line":65,"column":4}},"27":{"start":{"line":67,"column":15},"end":{"line":67,"column":36}},"28":{"start":{"line":68,"column":2},"end":{"line":68,"column":37}},"29":{"start":{"line":70,"column":2},"end":{"line":72,"column":3}},"30":{"start":{"line":71,"column":4},"end":{"line":71,"column":49}},"31":{"start":{"line":74,"column":2},"end":{"line":74,"column":21}}},"fnMap":{"0":{"name":"(anonymous_0)","decl":{"start":{"line":7,"column":25},"end":{"line":7,"column":26}},"loc":{"start":{"line":7,"column":37},"end":{"line":21,"column":1}},"line":7},"1":{"name":"(anonymous_1)","decl":{"start":{"line":23,"column":25},"end":{"line":23,"column":26}},"loc":{"start":{"line":23,"column":37},"end":{"line":36,"column":1}},"line":23},"2":{"name":"(anonymous_2)","decl":{"start":{"line":38,"column":23},"end":{"line":38,"column":24}},"loc":{"start":{"line":38,"column":35},"end":{"line":52,"column":1}},"line":38},"3":{"name":"(anonymous_3)","decl":{"start":{"line":54,"column":36},"end":{"line":54,"column":37}},"loc":{"start":{"line":54,"column":52},"end":{"line":75,"column":1}},"line":54}},"branchMap":{"0":{"loc":{"start":{"line":9,"column":2},"end":{"line":11,"column":3}},"type":"if","locations":[{"start":{"line":9,"column":2},"end":{"line":11,"column":3}},{"start":{},"end":{}}],"line":9},"1":{"loc":{"start":{"line":19,"column":2},"end":{"line":19,"column":35}},"type":"if","locations":[{"start":{"line":19,"column":2},"end":{"line":19,"column":35}},{"start":{},"end":{}}],"line":19},"2":{"loc":{"start":{"line":25,"column":2},"end":{"line":27,"column":3}},"type":"if","locations":[{"start":{"line":25,"column":2},"end":{"line":27,"column":3}},{"start":{},"end":{}}],"line":25},"3":{"loc":{"start":{"line":34,"column":2},"end":{"line":34,"column":35}},"type":"if","locations":[{"start":{"line":34,"column":2},"end":{"line":34,"column":35}},{"start":{},"end":{}}],"line":34},"4":{"loc":{"start":{"line":44,"column":2},"end":{"line":44,"column":35}},"type":"if","locations":[{"start":{"line":44,"column":2},"end":{"line":44,"column":35}},{"start":{},"end":{}}],"line":44},"5":{"loc":{"start":{"line":57,"column":4},"end":{"line":59,"column":28}},"type":"cond-expr","locations":[{"start":{"line":58,"column":8},"end":{"line":58,"column":26}},{"start":{"line":59,"column":8},"end":{"line":59,"column":28}}],"line":57},"6":{"loc":{"start":{"line":70,"column":2},"end":{"line":72,"column":3}},"type":"if","locations":[{"start":{"line":70,"column":2},"end":{"line":72,"column":3}},{"start":{},"end":{}}],"line":70},"7":{"loc":{"start":{"line":71,"column":20},"end":{"line":71,"column":47}},"type":"binary-expr","locations":[{"start":{"line":71,"column":20},"end":{"line":71,"column":31}},{"start":{"line":71,"column":35},"end":{"line":71,"column":47}}],"line":71}},"s":{"0":1,"1":1,"2":0,"3":0,"4":0,"5":0,"6":0,"7":0,"8":0,"9":1,"10":0,"11":0,"12":0,"13":0,"14":0,"15":0,"16":0,"17":1,"18":0,"19":0,"20":0,"21":0,"22":0,"23":0,"24":1,"25":5,"26":5,"27":5,"28":5,"29":5,"30":2,"31":3},"f":{"0":0,"1":0,"2":0,"3":5},"b":{"0":[0,0],"1":[0,0],"2":[0,0],"3":[0,0],"4":[0,0],"5":[2,3],"6":[2,3],"7":[2,0]},"_coverageSchema":"1a1c01bbd47fc00a2c39e90264f33305004495a9","hash":"b56730229d5b00233b09cb4779a65b8fc60dc0b5"}
}
