TN:
SF:src/services/api.js
FN:3,(anonymous_0)
FN:18,(anonymous_1)
FNF:2
FNH:1
FNDA:5,(anonymous_0)
FNDA:0,(anonymous_1)
DA:1,1
DA:3,1
DA:4,5
DA:5,5
DA:10,4
DA:11,2
DA:13,3
DA:14,3
DA:18,1
DA:19,0
DA:20,0
DA:25,0
DA:26,0
DA:28,0
DA:29,0
LF:15
LH:9
BRDA:10,0,0,2
BRDA:10,0,1,2
BRDA:25,1,0,0
BRDA:25,1,1,0
BRF:4
BRH:2
end_of_record
TN:
SF:src/services/firebase.js
FNF:0
FNH:0
DA:6,0
DA:15,0
DA:17,0
DA:21,0
LF:4
LH:0
BRF:0
BRH:0
end_of_record
TN:
SF:src/services/history.js
FN:15,(anonymous_0)
FN:44,(anonymous_1)
FN:52,(anonymous_2)
FNF:3
FNH:3
FNDA:1,(anonymous_0)
FNDA:1,(anonymous_1)
FNDA:1,(anonymous_2)
DA:15,1
DA:16,1
DA:17,1
DA:19,1
DA:20,1
DA:44,1
DA:45,1
DA:46,1
DA:48,1
DA:49,1
DA:50,1
DA:52,1
LF:12
LH:12
BRDA:17,0,0,0
BRDA:17,0,1,1
BRDA:27,1,0,1
BRDA:27,1,1,1
BRDA:28,2,0,1
BRDA:28,2,1,1
BRDA:46,3,0,0
BRDA:46,3,1,1
BRF:8
BRH:6
end_of_record
TN:
SF:src/services/index.js
FNF:0
FNH:0
LF:0
LH:0
BRF:0
BRH:0
end_of_record
TN:
SF:src/services/ocr.js
FN:7,(anonymous_0)
FN:23,(anonymous_1)
FN:38,(anonymous_2)
FN:54,(anonymous_3)
FNF:4
FNH:1
FNDA:0,(anonymous_0)
FNDA:0,(anonymous_1)
FNDA:0,(anonymous_2)
FNDA:5,(anonymous_3)
DA:5,1
DA:7,1
DA:8,0
DA:9,0
DA:10,0
DA:13,0
DA:19,0
DA:20,0
DA:23,1
DA:24,0
DA:25,0
DA:26,0
DA:29,0
DA:34,0
DA:35,0
DA:38,1
DA:39,0
DA:44,0
DA:46,0
DA:48,0
DA:51,0
DA:54,1
DA:57,5
DA:61,5
DA:67,5
DA:68,5
DA:70,5
DA:71,2
DA:74,3
LF:29
LH:12
BRDA:9,0,0,0
BRDA:9,0,1,0
BRDA:19,1,0,0
BRDA:19,1,1,0
BRDA:25,2,0,0
BRDA:25,2,1,0
BRDA:34,3,0,0
BRDA:34,3,1,0
BRDA:44,4,0,0
BRDA:44,4,1,0
BRDA:57,5,0,2
BRDA:57,5,1,3
BRDA:70,6,0,2
BRDA:70,6,1,3
BRDA:71,7,0,2
BRDA:71,7,1,0
BRF:16
BRH:5
end_of_record
